#-----------------------------------------------------------
# Vivado v2014.4
# SW Build 1071353 on Tue Nov 18 18:06:20 MST 2014
# IP Build 1070531 on Tue Nov 18 01:10:18 MST 2014
# Start of session at: Sat Apr 13 07:26:35 2019
# Process ID: 10136
# Log file: H:/VHDL Projects/restoring_division/vivado.log
# Journal file: H:/VHDL Projects/restoring_division\vivado.jou
#-----------------------------------------------------------
start_gui
open_project {H:/VHDL Projects/restoring_division/restoring_division.xpr}
INFO: [Project 1-313] Project file moved from 'C:/Users/subir/Desktop/VHDL Projects/restoring_division' since last save.
Scanning sources...
Finished scanning sources
INFO: [IP_Flow 19-234] Refreshing IP repositories
INFO: [IP_Flow 19-1704] No user IP repositories specified
INFO: [IP_Flow 19-2313] Loaded Vivado IP repository 'E:/Vivado/2014.4/data/ip'.
open_project: Time (s): cpu = 00:00:18 ; elapsed = 00:00:21 . Memory (MB): peak = 712.777 ; gain = 75.246
close_project
open_project {H:/VHDL Projects/non_restoring_division/non_restoring_division.xpr}
INFO: [Project 1-313] Project file moved from 'C:/Users/subir/Desktop/VHDL Projects/non_restoring_division' since last save.
Scanning sources...
Finished scanning sources
INFO: [IP_Flow 19-234] Refreshing IP repositories
INFO: [IP_Flow 19-1704] No user IP repositories specified
INFO: [IP_Flow 19-2313] Loaded Vivado IP repository 'E:/Vivado/2014.4/data/ip'.
close_project
open_project {H:/VHDL Projects/register_alu/register_alu.xpr}
INFO: [Project 1-313] Project file moved from 'C:/Users/subir/Desktop/VHDL Projects/register_alu' since last save.
Scanning sources...
Finished scanning sources
INFO: [IP_Flow 19-234] Refreshing IP repositories
INFO: [IP_Flow 19-1704] No user IP repositories specified
INFO: [IP_Flow 19-2313] Loaded Vivado IP repository 'E:/Vivado/2014.4/data/ip'.
exit
INFO: [Common 17-206] Exiting Vivado at Sat Apr 13 07:34:12 2019...
