#-----------------------------------------------------------
# Vivado v2014.4
# SW Build 1071353 on Tue Nov 18 18:06:20 MST 2014
# IP Build 1070531 on Tue Nov 18 01:10:18 MST 2014
# Start of session at: Thu Feb 07 10:20:10 2019
# Process ID: 6200
# Log file: C:/Users/subir/Desktop/VHDL Projects/Mux/vivado.log
# Journal file: C:/Users/subir/Desktop/VHDL Projects/Mux\vivado.jou
#-----------------------------------------------------------
start_gui
open_project {C:/Users/subir/Desktop/VHDL Projects/Mux/Mux.xpr}
Scanning sources...
Finished scanning sources
INFO: [IP_Flow 19-234] Refreshing IP repositories
INFO: [IP_Flow 19-1704] No user IP repositories specified
INFO: [IP_Flow 19-2313] Loaded Vivado IP repository 'E:/Vivado/2014.4/data/ip'.
open_project: Time (s): cpu = 00:00:16 ; elapsed = 00:00:14 . Memory (MB): peak = 702.160 ; gain = 78.082
update_compile_order -fileset sources_1
set_property top Mux.vhd [current_fileset]
update_compile_order -fileset sources_1
set_property top Mux.vhd [current_fileset]
launch_runs synth_1
INFO: [HDL 9-1061] Parsing VHDL file "C:/Users/subir/Desktop/VHDL Projects/Mux/Mux.srcs/sources_1/new/Mux.vhd" into library xil_defaultlib [C:/Users/subir/Desktop/VHDL Projects/Mux/Mux.srcs/sources_1/new/Mux.vhd:1]
CRITICAL WARNING: [HDL 9-806] Syntax error near "end". [C:/Users/subir/Desktop/VHDL Projects/Mux/Mux.srcs/sources_1/new/Mux.vhd:58]
CRITICAL WARNING: [filemgmt 20-742] The top module "Mux.vhd" specified for this project can not be validated. The current project is using automatic hierarchy update mode, and hence a new suitable replacement top will be automatically selected. If this is not desired, please change the hierarchy update mode to one of the manual compile order modes first, and then set top to any desired value.
Resolution: To switch to manual update order go to the Sources view, right-click on any node in the hierarchy and in the context menu select: 'Hierarchy Update' option 'No Update' or run the following Tcl Command: set_property source_mgmt_mode None [current_project] (which is the Manual Compile Order mode).
ERROR: [filemgmt 20-730] Could not find a top module in the fileset sources_1.
Resolution: With the gui up, review the source files in the Sources window. Use Add Sources to add any needed sources. If the files are disabled, enable them. You can also select the file and choose Set Used In from the pop-up menu. Review if they are being used at the proper points of the flow.
exit
INFO: [Common 17-206] Exiting Vivado at Thu Feb 07 10:25:21 2019...
