#-----------------------------------------------------------
# Vivado v2014.4
# SW Build 1071353 on Tue Nov 18 18:06:20 MST 2014
# IP Build 1070531 on Tue Nov 18 01:10:18 MST 2014
# Start of session at: Sat Apr 13 07:30:03 2019
# Process ID: 5776
# Log file: H:/VHDL Projects/non_restoring_division/vivado.log
# Journal file: H:/VHDL Projects/non_restoring_division\vivado.jou
#-----------------------------------------------------------
start_gui
open_project {H:/VHDL Projects/non_restoring_division/non_restoring_division.xpr}
INFO: [Project 1-313] Project file moved from 'C:/Users/subir/Desktop/VHDL Projects/non_restoring_division' since last save.
Scanning sources...
Finished scanning sources
INFO: [IP_Flow 19-234] Refreshing IP repositories
INFO: [IP_Flow 19-1704] No user IP repositories specified
INFO: [IP_Flow 19-2313] Loaded Vivado IP repository 'E:/Vivado/2014.4/data/ip'.
open_project: Time (s): cpu = 00:00:18 ; elapsed = 00:00:10 . Memory (MB): peak = 730.590 ; gain = 94.863
exit
INFO: [Common 17-206] Exiting Vivado at Sat Apr 13 07:30:41 2019...
